<?xml version="1.0" encoding="UTF-8"?>
<!-- Generated by org.testng.reporters.JUnitReportReporter -->
<testsuite hostname="DESKTOP-P2UDLEQ" failures="0" tests="1" name="org.example.AppTest" time="0.002" errors="0" timestamp="2023-03-22T02:51:37 ICT" skipped="0">
  <testcase classname="org.example.AppTest" name="testApp" time="0.002"/>
  <system-out/>
</testsuite> <!-- org.example.AppTest -->
